PROP PROVIDER ERRORS
gradient: 0.576510648498
intercept: -1.69871850824
r_value: 0.659579495103
p_value: 1.33697949862e-08
std_err: 0.0455538689291
count: 59

PROP RESOURCE ERRORS
gradient: 0.354372271255
intercept: -0.379888646362
r_value: 0.726828526912
p_value: 1.28835404381e-74
std_err: 0.0129823564679
count: 447

PROBLEMATIC RESOURCES
8960: 1897
225: 2
581: 84
2465: 81
2839: 1
2688: 1
8159: 61
total: 2127

TOTAL RESOURCE RECORDS: 1141174
TOTAL RESOURCE ISSUES: 12466
TOTAL PROVIDER RECORDS: 1141174
TOTAL PROVIDER ISSUES: 12466
