PROP PROVIDER ERRORS
gradient: -0.0199309934804
intercept: 0.213997857044
r_value: -0.271371117682
p_value: 0.0376144977275
std_err: 0.00358938369401
count: 59

PROP RESOURCE ERRORS
gradient: 0.00185117060759
intercept: 0.0101820156109
r_value: 0.0511543005981
p_value: 0.280497793858
std_err: 0.00134756404376
count: 447
PROBLEMATIC RESOURCES
8960: 1897
2465: 81
581: 84
870: 492
225: 2
41: 39
10826: 61
875: 146
940: 4
10869: 1
2839: 1
2688: 1
8159: 61
TOTAL RESOURCE RECORDS: 1141174
TOTAL RESOURCE ISSUES: 12466
TOTAL PROVIDER RECORDS: 1141174
TOTAL PROVIDER ISSUES: 12466
